#
# There is insufficient memory for the Java Runtime Environment to continue.
# Native memory allocation (malloc) failed to allocate 78656 bytes for Chunk::new
# Possible reasons:
#   The system is out of physical RAM or swap space
#   The process is running with CompressedOops enabled, and the Java Heap may be blocking the growth of the native heap
# Possible solutions:
#   Reduce memory load on the system
#   Increase physical memory or swap space
#   Check if swap backing store is full
#   Decrease Java heap size (-Xmx/-Xms)
#   Decrease number of Java threads
#   Decrease Java thread stack sizes (-Xss)
#   Set larger code cache with -XX:ReservedCodeCacheSize=
#   JVM is running with Zero Based Compressed Oops mode in which the Java heap is
#     placed in the first 32GB address space. The Java Heap base address is the
#     maximum limit for the native heap growth. Please use -XX:HeapBaseMinAddress
#     to set the Java Heap base and to place the Java Heap above 32GB virtual address.
# This output file may be truncated or incomplete.
#
#  Out of Memory Error (arena.cpp:168), pid=8600, tid=16428
#
# JRE version: Java(TM) SE Runtime Environment (21.0.4+8) (build 21.0.4+8-LTS-274)
# Java VM: Java HotSpot(TM) 64-Bit Server VM (21.0.4+8-LTS-274, mixed mode, sharing, tiered, compressed oops, compressed class ptrs, g1 gc, windows-amd64)
# No core dump will be written. Minidumps are not enabled by default on client versions of Windows
#

---------------  S U M M A R Y ------------

Command Line: -javaagent:C:\Program Files\JetBrains\IntelliJ IDEA Community Edition 2024.1.4\lib\idea_rt.jar=49987:C:\Program Files\JetBrains\IntelliJ IDEA Community Edition 2024.1.4\bin -Dfile.encoding=UTF-8 -Dsun.stdout.encoding=UTF-8 -Dsun.stderr.encoding=UTF-8 com.shoppingoo.brand.BrandApplication

Host: 11th Gen Intel(R) Core(TM) i5-1135G7 @ 2.40GHz, 8 cores, 31G,  Windows 10 , 64 bit Build 19041 (10.0.19041.5072)
Time: Thu Nov 21 10:31:21 2024  Windows 10 , 64 bit Build 19041 (10.0.19041.5072) elapsed time: 0.483020 seconds (0d 0h 0m 0s)

---------------  T H R E A D  ---------------

Current thread (0x0000015cfb029990):  JavaThread "C2 CompilerThread0" daemon [_thread_in_native, id=16428, stack(0x0000005272c00000,0x0000005272d00000) (1024K)]


Current CompileTask:
C2:    483  524       4       java.lang.StringLatin1::inflate (34 bytes)

Stack: [0x0000005272c00000,0x0000005272d00000]
Native frames: (J=compiled Java code, j=interpreted, Vv=VM code, C=native code)
V  [jvm.dll+0x6c8e59]
V  [jvm.dll+0x853181]
V  [jvm.dll+0x8556ae]
V  [jvm.dll+0x855d83]
V  [jvm.dll+0x27d526]
V  [jvm.dll+0xc4aad]
V  [jvm.dll+0xc4fe3]
V  [jvm.dll+0x2f038f]
V  [jvm.dll+0x5f406a]
V  [jvm.dll+0x24f102]
V  [jvm.dll+0x24f4bf]
V  [jvm.dll+0x2480c4]
V  [jvm.dll+0x245754]
V  [jvm.dll+0x1c69de]
V  [jvm.dll+0x254d49]
V  [jvm.dll+0x2532da]
V  [jvm.dll+0x3ed426]
V  [jvm.dll+0x7fd65b]
V  [jvm.dll+0x6c753d]
C  [ucrtbase.dll+0x21bb2]
C  [KERNEL32.DLL+0x17374]
C  [ntdll.dll+0x4cc91]


---------------  P R O C E S S  ---------------

Threads class SMR info:
_java_thread_list=0x0000015cfb2602c0, length=13, elements={
0x0000015cd2c84dc0, 0x0000015cfb017d90, 0x0000015cfb018cb0, 0x0000015cfb0230c0,
0x0000015cfb023f70, 0x0000015cfb024ac0, 0x0000015cfb025610, 0x0000015cfb029990,
0x0000015cfb034540, 0x0000015cfb18dfe0, 0x0000015cfb2fd130, 0x0000015cfb96aff0,
0x0000015cfb8f77d0
}

Java Threads: ( => current thread )
  0x0000015cd2c84dc0 JavaThread "main"                              [_thread_in_native, id=31032, stack(0x0000005271e00000,0x0000005271f00000) (1024K)]
  0x0000015cfb017d90 JavaThread "Reference Handler"          daemon [_thread_blocked, id=3408, stack(0x0000005272600000,0x0000005272700000) (1024K)]
  0x0000015cfb018cb0 JavaThread "Finalizer"                  daemon [_thread_blocked, id=27432, stack(0x0000005272700000,0x0000005272800000) (1024K)]
  0x0000015cfb0230c0 JavaThread "Signal Dispatcher"          daemon [_thread_blocked, id=16788, stack(0x0000005272800000,0x0000005272900000) (1024K)]
  0x0000015cfb023f70 JavaThread "Attach Listener"            daemon [_thread_blocked, id=20896, stack(0x0000005272900000,0x0000005272a00000) (1024K)]
  0x0000015cfb024ac0 JavaThread "Service Thread"             daemon [_thread_blocked, id=22036, stack(0x0000005272a00000,0x0000005272b00000) (1024K)]
  0x0000015cfb025610 JavaThread "Monitor Deflation Thread"   daemon [_thread_blocked, id=28908, stack(0x0000005272b00000,0x0000005272c00000) (1024K)]
=>0x0000015cfb029990 JavaThread "C2 CompilerThread0"         daemon [_thread_in_native, id=16428, stack(0x0000005272c00000,0x0000005272d00000) (1024K)]
  0x0000015cfb034540 JavaThread "C1 CompilerThread0"         daemon [_thread_in_vm, id=15156, stack(0x0000005272d00000,0x0000005272e00000) (1024K)]
  0x0000015cfb18dfe0 JavaThread "Common-Cleaner"             daemon [_thread_blocked, id=25360, stack(0x0000005272e00000,0x0000005272f00000) (1024K)]
  0x0000015cfb2fd130 JavaThread "C2 CompilerThread1"         daemon [_thread_in_native, id=27624, stack(0x0000005272f00000,0x0000005273000000) (1024K)]
  0x0000015cfb96aff0 JavaThread "Monitor Ctrl-Break"         daemon [_thread_in_native, id=23156, stack(0x0000005273000000,0x0000005273100000) (1024K)]
  0x0000015cfb8f77d0 JavaThread "Notification Thread"        daemon [_thread_blocked, id=1688, stack(0x0000005273100000,0x0000005273200000) (1024K)]
Total: 13

Other Threads:
  0x0000015cf44b6380 VMThread "VM Thread"                           [id=28356, stack(0x0000005272500000,0x0000005272600000) (1024K)]
  0x0000015cf4499e60 WatcherThread "VM Periodic Task Thread"        [id=9832, stack(0x0000005272400000,0x0000005272500000) (1024K)]
  0x0000015cf4300880 WorkerThread "GC Thread#0"                     [id=28992, stack(0x0000005271f00000,0x0000005272000000) (1024K)]
  0x0000015cd2cfd3a0 ConcurrentGCThread "G1 Main Marker"            [id=30020, stack(0x0000005272000000,0x0000005272100000) (1024K)]
  0x0000015cd2cfe640 WorkerThread "G1 Conc#0"                       [id=3228, stack(0x0000005272100000,0x0000005272200000) (1024K)]
  0x0000015cd2d2ea40 ConcurrentGCThread "G1 Refine#0"               [id=23940, stack(0x0000005272200000,0x0000005272300000) (1024K)]
  0x0000015cf43699a0 ConcurrentGCThread "G1 Service"                [id=21512, stack(0x0000005272300000,0x0000005272400000) (1024K)]
Total: 7

Threads with active compile tasks:
C2 CompilerThread0      506  524       4       java.lang.StringLatin1::inflate (34 bytes)
C1 CompilerThread0      506  573   !   3       java.net.URL::<init> (543 bytes)
C2 CompilerThread1      506  492 %     4       java.io.WinNTFileSystem::normalize @ 22 (143 bytes)
Total: 3

VM state: not at safepoint (normal execution)

VM Mutex/Monitor currently owned by a thread: None

Heap address: 0x0000000604400000, size: 8124 MB, Compressed Oops mode: Zero based, Oop shift amount: 3

CDS archive(s) mapped at: [0x0000015c80000000-0x0000015c80c90000-0x0000015c80c90000), size 13172736, SharedBaseAddress: 0x0000015c80000000, ArchiveRelocationMode: 1.
Compressed class space mapped at: 0x0000015c81000000-0x0000015cc1000000, reserved size: 1073741824
Narrow klass base: 0x0000015c80000000, Narrow klass shift: 0, Narrow klass range: 0x100000000

GC Precious Log:
 CardTable entry size: 512
 Card Set container configuration: InlinePtr #cards 4 size 8 Array Of Cards #cards 32 size 80 Howl #buckets 8 coarsen threshold 7372 Howl Bitmap #cards 1024 size 144 coarsen threshold 921 Card regions per heap region 1 cards per card region 8192
 CPUs: 8 total, 8 available
 Memory: 32491M
 Large Page Support: Disabled
 NUMA Support: Disabled
 Compressed Oops: Enabled (Zero based)
 Heap Region Size: 4M
 Heap Min Capacity: 8M
 Heap Initial Capacity: 508M
 Heap Max Capacity: 8124M
 Pre-touch: Disabled
 Parallel Workers: 8
 Concurrent Workers: 2
 Concurrent Refinement Workers: 8
 Periodic GC: Disabled

Heap:
 garbage-first heap   total 520192K, used 12288K [0x0000000604400000, 0x0000000800000000)
  region size 4096K, 5 young (20480K), 0 survivors (0K)
 Metaspace       used 1738K, committed 1856K, reserved 1114112K
  class space    used 135K, committed 192K, reserved 1048576K

Heap Regions: E=young(eden), S=young(survivor), O=old, HS=humongous(starts), HC=humongous(continues), CS=collection set, F=free, TAMS=top-at-mark-start, PB=parsable bottom
|   0|0x0000000604400000, 0x0000000604400000, 0x0000000604800000|  0%| F|  |TAMS 0x0000000604400000| PB 0x0000000604400000| Untracked 
|   1|0x0000000604800000, 0x0000000604800000, 0x0000000604c00000|  0%| F|  |TAMS 0x0000000604800000| PB 0x0000000604800000| Untracked 
|   2|0x0000000604c00000, 0x0000000604c00000, 0x0000000605000000|  0%| F|  |TAMS 0x0000000604c00000| PB 0x0000000604c00000| Untracked 
|   3|0x0000000605000000, 0x0000000605000000, 0x0000000605400000|  0%| F|  |TAMS 0x0000000605000000| PB 0x0000000605000000| Untracked 
|   4|0x0000000605400000, 0x0000000605400000, 0x0000000605800000|  0%| F|  |TAMS 0x0000000605400000| PB 0x0000000605400000| Untracked 
|   5|0x0000000605800000, 0x0000000605800000, 0x0000000605c00000|  0%| F|  |TAMS 0x0000000605800000| PB 0x0000000605800000| Untracked 
|   6|0x0000000605c00000, 0x0000000605c00000, 0x0000000606000000|  0%| F|  |TAMS 0x0000000605c00000| PB 0x0000000605c00000| Untracked 
|   7|0x0000000606000000, 0x0000000606000000, 0x0000000606400000|  0%| F|  |TAMS 0x0000000606000000| PB 0x0000000606000000| Untracked 
|   8|0x0000000606400000, 0x0000000606400000, 0x0000000606800000|  0%| F|  |TAMS 0x0000000606400000| PB 0x0000000606400000| Untracked 
|   9|0x0000000606800000, 0x0000000606800000, 0x0000000606c00000|  0%| F|  |TAMS 0x0000000606800000| PB 0x0000000606800000| Untracked 
|  10|0x0000000606c00000, 0x0000000606c00000, 0x0000000607000000|  0%| F|  |TAMS 0x0000000606c00000| PB 0x0000000606c00000| Untracked 
|  11|0x0000000607000000, 0x0000000607000000, 0x0000000607400000|  0%| F|  |TAMS 0x0000000607000000| PB 0x0000000607000000| Untracked 
|  12|0x0000000607400000, 0x0000000607400000, 0x0000000607800000|  0%| F|  |TAMS 0x0000000607400000| PB 0x0000000607400000| Untracked 
|  13|0x0000000607800000, 0x0000000607800000, 0x0000000607c00000|  0%| F|  |TAMS 0x0000000607800000| PB 0x0000000607800000| Untracked 
|  14|0x0000000607c00000, 0x0000000607c00000, 0x0000000608000000|  0%| F|  |TAMS 0x0000000607c00000| PB 0x0000000607c00000| Untracked 
|  15|0x0000000608000000, 0x0000000608000000, 0x0000000608400000|  0%| F|  |TAMS 0x0000000608000000| PB 0x0000000608000000| Untracked 
|  16|0x0000000608400000, 0x0000000608400000, 0x0000000608800000|  0%| F|  |TAMS 0x0000000608400000| PB 0x0000000608400000| Untracked 
|  17|0x0000000608800000, 0x0000000608800000, 0x0000000608c00000|  0%| F|  |TAMS 0x0000000608800000| PB 0x0000000608800000| Untracked 
|  18|0x0000000608c00000, 0x0000000608c00000, 0x0000000609000000|  0%| F|  |TAMS 0x0000000608c00000| PB 0x0000000608c00000| Untracked 
|  19|0x0000000609000000, 0x0000000609000000, 0x0000000609400000|  0%| F|  |TAMS 0x0000000609000000| PB 0x0000000609000000| Untracked 
|  20|0x0000000609400000, 0x0000000609400000, 0x0000000609800000|  0%| F|  |TAMS 0x0000000609400000| PB 0x0000000609400000| Untracked 
|  21|0x0000000609800000, 0x0000000609800000, 0x0000000609c00000|  0%| F|  |TAMS 0x0000000609800000| PB 0x0000000609800000| Untracked 
|  22|0x0000000609c00000, 0x0000000609c00000, 0x000000060a000000|  0%| F|  |TAMS 0x0000000609c00000| PB 0x0000000609c00000| Untracked 
|  23|0x000000060a000000, 0x000000060a000000, 0x000000060a400000|  0%| F|  |TAMS 0x000000060a000000| PB 0x000000060a000000| Untracked 
|  24|0x000000060a400000, 0x000000060a400000, 0x000000060a800000|  0%| F|  |TAMS 0x000000060a400000| PB 0x000000060a400000| Untracked 
|  25|0x000000060a800000, 0x000000060a800000, 0x000000060ac00000|  0%| F|  |TAMS 0x000000060a800000| PB 0x000000060a800000| Untracked 
|  26|0x000000060ac00000, 0x000000060ac00000, 0x000000060b000000|  0%| F|  |TAMS 0x000000060ac00000| PB 0x000000060ac00000| Untracked 
|  27|0x000000060b000000, 0x000000060b000000, 0x000000060b400000|  0%| F|  |TAMS 0x000000060b000000| PB 0x000000060b000000| Untracked 
|  28|0x000000060b400000, 0x000000060b400000, 0x000000060b800000|  0%| F|  |TAMS 0x000000060b400000| PB 0x000000060b400000| Untracked 
|  29|0x000000060b800000, 0x000000060b800000, 0x000000060bc00000|  0%| F|  |TAMS 0x000000060b800000| PB 0x000000060b800000| Untracked 
|  30|0x000000060bc00000, 0x000000060bc00000, 0x000000060c000000|  0%| F|  |TAMS 0x000000060bc00000| PB 0x000000060bc00000| Untracked 
|  31|0x000000060c000000, 0x000000060c000000, 0x000000060c400000|  0%| F|  |TAMS 0x000000060c000000| PB 0x000000060c000000| Untracked 
|  32|0x000000060c400000, 0x000000060c400000, 0x000000060c800000|  0%| F|  |TAMS 0x000000060c400000| PB 0x000000060c400000| Untracked 
|  33|0x000000060c800000, 0x000000060c800000, 0x000000060cc00000|  0%| F|  |TAMS 0x000000060c800000| PB 0x000000060c800000| Untracked 
|  34|0x000000060cc00000, 0x000000060cc00000, 0x000000060d000000|  0%| F|  |TAMS 0x000000060cc00000| PB 0x000000060cc00000| Untracked 
|  35|0x000000060d000000, 0x000000060d000000, 0x000000060d400000|  0%| F|  |TAMS 0x000000060d000000| PB 0x000000060d000000| Untracked 
|  36|0x000000060d400000, 0x000000060d400000, 0x000000060d800000|  0%| F|  |TAMS 0x000000060d400000| PB 0x000000060d400000| Untracked 
|  37|0x000000060d800000, 0x000000060d800000, 0x000000060dc00000|  0%| F|  |TAMS 0x000000060d800000| PB 0x000000060d800000| Untracked 
|  38|0x000000060dc00000, 0x000000060dc00000, 0x000000060e000000|  0%| F|  |TAMS 0x000000060dc00000| PB 0x000000060dc00000| Untracked 
|  39|0x000000060e000000, 0x000000060e000000, 0x000000060e400000|  0%| F|  |TAMS 0x000000060e000000| PB 0x000000060e000000| Untracked 
|  40|0x000000060e400000, 0x000000060e400000, 0x000000060e800000|  0%| F|  |TAMS 0x000000060e400000| PB 0x000000060e400000| Untracked 
|  41|0x000000060e800000, 0x000000060e800000, 0x000000060ec00000|  0%| F|  |TAMS 0x000000060e800000| PB 0x000000060e800000| Untracked 
|  42|0x000000060ec00000, 0x000000060ec00000, 0x000000060f000000|  0%| F|  |TAMS 0x000000060ec00000| PB 0x000000060ec00000| Untracked 
|  43|0x000000060f000000, 0x000000060f000000, 0x000000060f400000|  0%| F|  |TAMS 0x000000060f000000| PB 0x000000060f000000| Untracked 
|  44|0x000000060f400000, 0x000000060f400000, 0x000000060f800000|  0%| F|  |TAMS 0x000000060f400000| PB 0x000000060f400000| Untracked 
|  45|0x000000060f800000, 0x000000060f800000, 0x000000060fc00000|  0%| F|  |TAMS 0x000000060f800000| PB 0x000000060f800000| Untracked 
|  46|0x000000060fc00000, 0x000000060fc00000, 0x0000000610000000|  0%| F|  |TAMS 0x000000060fc00000| PB 0x000000060fc00000| Untracked 
|  47|0x0000000610000000, 0x0000000610000000, 0x0000000610400000|  0%| F|  |TAMS 0x0000000610000000| PB 0x0000000610000000| Untracked 
|  48|0x0000000610400000, 0x0000000610400000, 0x0000000610800000|  0%| F|  |TAMS 0x0000000610400000| PB 0x0000000610400000| Untracked 
|  49|0x0000000610800000, 0x0000000610800000, 0x0000000610c00000|  0%| F|  |TAMS 0x0000000610800000| PB 0x0000000610800000| Untracked 
|  50|0x0000000610c00000, 0x0000000610c00000, 0x0000000611000000|  0%| F|  |TAMS 0x0000000610c00000| PB 0x0000000610c00000| Untracked 
|  51|0x0000000611000000, 0x0000000611000000, 0x0000000611400000|  0%| F|  |TAMS 0x0000000611000000| PB 0x0000000611000000| Untracked 
|  52|0x0000000611400000, 0x0000000611400000, 0x0000000611800000|  0%| F|  |TAMS 0x0000000611400000| PB 0x0000000611400000| Untracked 
|  53|0x0000000611800000, 0x0000000611800000, 0x0000000611c00000|  0%| F|  |TAMS 0x0000000611800000| PB 0x0000000611800000| Untracked 
|  54|0x0000000611c00000, 0x0000000611c00000, 0x0000000612000000|  0%| F|  |TAMS 0x0000000611c00000| PB 0x0000000611c00000| Untracked 
|  55|0x0000000612000000, 0x0000000612000000, 0x0000000612400000|  0%| F|  |TAMS 0x0000000612000000| PB 0x0000000612000000| Untracked 
|  56|0x0000000612400000, 0x0000000612400000, 0x0000000612800000|  0%| F|  |TAMS 0x0000000612400000| PB 0x0000000612400000| Untracked 
|  57|0x0000000612800000, 0x0000000612800000, 0x0000000612c00000|  0%| F|  |TAMS 0x0000000612800000| PB 0x0000000612800000| Untracked 
|  58|0x0000000612c00000, 0x0000000612c00000, 0x0000000613000000|  0%| F|  |TAMS 0x0000000612c00000| PB 0x0000000612c00000| Untracked 
|  59|0x0000000613000000, 0x0000000613000000, 0x0000000613400000|  0%| F|  |TAMS 0x0000000613000000| PB 0x0000000613000000| Untracked 
|  60|0x0000000613400000, 0x0000000613400000, 0x0000000613800000|  0%| F|  |TAMS 0x0000000613400000| PB 0x0000000613400000| Untracked 
|  61|0x0000000613800000, 0x0000000613800000, 0x0000000613c00000|  0%| F|  |TAMS 0x0000000613800000| PB 0x0000000613800000| Untracked 
|  62|0x0000000613c00000, 0x0000000613c00000, 0x0000000614000000|  0%| F|  |TAMS 0x0000000613c00000| PB 0x0000000613c00000| Untracked 
|  63|0x0000000614000000, 0x0000000614000000, 0x0000000614400000|  0%| F|  |TAMS 0x0000000614000000| PB 0x0000000614000000| Untracked 
|  64|0x0000000614400000, 0x0000000614400000, 0x0000000614800000|  0%| F|  |TAMS 0x0000000614400000| PB 0x0000000614400000| Untracked 
|  65|0x0000000614800000, 0x0000000614800000, 0x0000000614c00000|  0%| F|  |TAMS 0x0000000614800000| PB 0x0000000614800000| Untracked 
|  66|0x0000000614c00000, 0x0000000614c00000, 0x0000000615000000|  0%| F|  |TAMS 0x0000000614c00000| PB 0x0000000614c00000| Untracked 
|  67|0x0000000615000000, 0x0000000615000000, 0x0000000615400000|  0%| F|  |TAMS 0x0000000615000000| PB 0x0000000615000000| Untracked 
|  68|0x0000000615400000, 0x0000000615400000, 0x0000000615800000|  0%| F|  |TAMS 0x0000000615400000| PB 0x0000000615400000| Untracked 
|  69|0x0000000615800000, 0x0000000615800000, 0x0000000615c00000|  0%| F|  |TAMS 0x0000000615800000| PB 0x0000000615800000| Untracked 
|  70|0x0000000615c00000, 0x0000000615c00000, 0x0000000616000000|  0%| F|  |TAMS 0x0000000615c00000| PB 0x0000000615c00000| Untracked 
|  71|0x0000000616000000, 0x0000000616000000, 0x0000000616400000|  0%| F|  |TAMS 0x0000000616000000| PB 0x0000000616000000| Untracked 
|  72|0x0000000616400000, 0x0000000616400000, 0x0000000616800000|  0%| F|  |TAMS 0x0000000616400000| PB 0x0000000616400000| Untracked 
|  73|0x0000000616800000, 0x0000000616800000, 0x0000000616c00000|  0%| F|  |TAMS 0x0000000616800000| PB 0x0000000616800000| Untracked 
|  74|0x0000000616c00000, 0x0000000616c00000, 0x0000000617000000|  0%| F|  |TAMS 0x0000000616c00000| PB 0x0000000616c00000| Untracked 
|  75|0x0000000617000000, 0x0000000617000000, 0x0000000617400000|  0%| F|  |TAMS 0x0000000617000000| PB 0x0000000617000000| Untracked 
|  76|0x0000000617400000, 0x0000000617400000, 0x0000000617800000|  0%| F|  |TAMS 0x0000000617400000| PB 0x0000000617400000| Untracked 
|  77|0x0000000617800000, 0x0000000617800000, 0x0000000617c00000|  0%| F|  |TAMS 0x0000000617800000| PB 0x0000000617800000| Untracked 
|  78|0x0000000617c00000, 0x0000000617c00000, 0x0000000618000000|  0%| F|  |TAMS 0x0000000617c00000| PB 0x0000000617c00000| Untracked 
|  79|0x0000000618000000, 0x0000000618000000, 0x0000000618400000|  0%| F|  |TAMS 0x0000000618000000| PB 0x0000000618000000| Untracked 
|  80|0x0000000618400000, 0x0000000618400000, 0x0000000618800000|  0%| F|  |TAMS 0x0000000618400000| PB 0x0000000618400000| Untracked 
|  81|0x0000000618800000, 0x0000000618800000, 0x0000000618c00000|  0%| F|  |TAMS 0x0000000618800000| PB 0x0000000618800000| Untracked 
|  82|0x0000000618c00000, 0x0000000618c00000, 0x0000000619000000|  0%| F|  |TAMS 0x0000000618c00000| PB 0x0000000618c00000| Untracked 
|  83|0x0000000619000000, 0x0000000619000000, 0x0000000619400000|  0%| F|  |TAMS 0x0000000619000000| PB 0x0000000619000000| Untracked 
|  84|0x0000000619400000, 0x0000000619400000, 0x0000000619800000|  0%| F|  |TAMS 0x0000000619400000| PB 0x0000000619400000| Untracked 
|  85|0x0000000619800000, 0x0000000619800000, 0x0000000619c00000|  0%| F|  |TAMS 0x0000000619800000| PB 0x0000000619800000| Untracked 
|  86|0x0000000619c00000, 0x0000000619c00000, 0x000000061a000000|  0%| F|  |TAMS 0x0000000619c00000| PB 0x0000000619c00000| Untracked 
|  87|0x000000061a000000, 0x000000061a000000, 0x000000061a400000|  0%| F|  |TAMS 0x000000061a000000| PB 0x000000061a000000| Untracked 
|  88|0x000000061a400000, 0x000000061a400000, 0x000000061a800000|  0%| F|  |TAMS 0x000000061a400000| PB 0x000000061a400000| Untracked 
|  89|0x000000061a800000, 0x000000061a800000, 0x000000061ac00000|  0%| F|  |TAMS 0x000000061a800000| PB 0x000000061a800000| Untracked 
|  90|0x000000061ac00000, 0x000000061ac00000, 0x000000061b000000|  0%| F|  |TAMS 0x000000061ac00000| PB 0x000000061ac00000| Untracked 
|  91|0x000000061b000000, 0x000000061b000000, 0x000000061b400000|  0%| F|  |TAMS 0x000000061b000000| PB 0x000000061b000000| Untracked 
|  92|0x000000061b400000, 0x000000061b400000, 0x000000061b800000|  0%| F|  |TAMS 0x000000061b400000| PB 0x000000061b400000| Untracked 
|  93|0x000000061b800000, 0x000000061b800000, 0x000000061bc00000|  0%| F|  |TAMS 0x000000061b800000| PB 0x000000061b800000| Untracked 
|  94|0x000000061bc00000, 0x000000061bc00000, 0x000000061c000000|  0%| F|  |TAMS 0x000000061bc00000| PB 0x000000061bc00000| Untracked 
|  95|0x000000061c000000, 0x000000061c000000, 0x000000061c400000|  0%| F|  |TAMS 0x000000061c000000| PB 0x000000061c000000| Untracked 
|  96|0x000000061c400000, 0x000000061c400000, 0x000000061c800000|  0%| F|  |TAMS 0x000000061c400000| PB 0x000000061c400000| Untracked 
|  97|0x000000061c800000, 0x000000061c800000, 0x000000061cc00000|  0%| F|  |TAMS 0x000000061c800000| PB 0x000000061c800000| Untracked 
|  98|0x000000061cc00000, 0x000000061cc00000, 0x000000061d000000|  0%| F|  |TAMS 0x000000061cc00000| PB 0x000000061cc00000| Untracked 
|  99|0x000000061d000000, 0x000000061d000000, 0x000000061d400000|  0%| F|  |TAMS 0x000000061d000000| PB 0x000000061d000000| Untracked 
| 100|0x000000061d400000, 0x000000061d400000, 0x000000061d800000|  0%| F|  |TAMS 0x000000061d400000| PB 0x000000061d400000| Untracked 
| 101|0x000000061d800000, 0x000000061d800000, 0x000000061dc00000|  0%| F|  |TAMS 0x000000061d800000| PB 0x000000061d800000| Untracked 
| 102|0x000000061dc00000, 0x000000061dc00000, 0x000000061e000000|  0%| F|  |TAMS 0x000000061dc00000| PB 0x000000061dc00000| Untracked 
| 103|0x000000061e000000, 0x000000061e000000, 0x000000061e400000|  0%| F|  |TAMS 0x000000061e000000| PB 0x000000061e000000| Untracked 
| 104|0x000000061e400000, 0x000000061e400000, 0x000000061e800000|  0%| F|  |TAMS 0x000000061e400000| PB 0x000000061e400000| Untracked 
| 105|0x000000061e800000, 0x000000061e800000, 0x000000061ec00000|  0%| F|  |TAMS 0x000000061e800000| PB 0x000000061e800000| Untracked 
| 106|0x000000061ec00000, 0x000000061ec00000, 0x000000061f000000|  0%| F|  |TAMS 0x000000061ec00000| PB 0x000000061ec00000| Untracked 
| 107|0x000000061f000000, 0x000000061f000000, 0x000000061f400000|  0%| F|  |TAMS 0x000000061f000000| PB 0x000000061f000000| Untracked 
| 108|0x000000061f400000, 0x000000061f400000, 0x000000061f800000|  0%| F|  |TAMS 0x000000061f400000| PB 0x000000061f400000| Untracked 
| 109|0x000000061f800000, 0x000000061f800000, 0x000000061fc00000|  0%| F|  |TAMS 0x000000061f800000| PB 0x000000061f800000| Untracked 
| 110|0x000000061fc00000, 0x000000061fc00000, 0x0000000620000000|  0%| F|  |TAMS 0x000000061fc00000| PB 0x000000061fc00000| Untracked 
| 111|0x0000000620000000, 0x0000000620000000, 0x0000000620400000|  0%| F|  |TAMS 0x0000000620000000| PB 0x0000000620000000| Untracked 
| 112|0x0000000620400000, 0x0000000620400000, 0x0000000620800000|  0%| F|  |TAMS 0x0000000620400000| PB 0x0000000620400000| Untracked 
| 113|0x0000000620800000, 0x0000000620800000, 0x0000000620c00000|  0%| F|  |TAMS 0x0000000620800000| PB 0x0000000620800000| Untracked 
| 114|0x0000000620c00000, 0x0000000620c00000, 0x0000000621000000|  0%| F|  |TAMS 0x0000000620c00000| PB 0x0000000620c00000| Untracked 
| 115|0x0000000621000000, 0x0000000621000000, 0x0000000621400000|  0%| F|  |TAMS 0x0000000621000000| PB 0x0000000621000000| Untracked 
| 116|0x0000000621400000, 0x0000000621400000, 0x0000000621800000|  0%| F|  |TAMS 0x0000000621400000| PB 0x0000000621400000| Untracked 
| 117|0x0000000621800000, 0x0000000621800000, 0x0000000621c00000|  0%| F|  |TAMS 0x0000000621800000| PB 0x0000000621800000| Untracked 
| 118|0x0000000621c00000, 0x0000000621c00000, 0x0000000622000000|  0%| F|  |TAMS 0x0000000621c00000| PB 0x0000000621c00000| Untracked 
| 119|0x0000000622000000, 0x0000000622000000, 0x0000000622400000|  0%| F|  |TAMS 0x0000000622000000| PB 0x0000000622000000| Untracked 
| 120|0x0000000622400000, 0x0000000622400000, 0x0000000622800000|  0%| F|  |TAMS 0x0000000622400000| PB 0x0000000622400000| Untracked 
| 121|0x0000000622800000, 0x0000000622800000, 0x0000000622c00000|  0%| F|  |TAMS 0x0000000622800000| PB 0x0000000622800000| Untracked 
| 122|0x0000000622c00000, 0x0000000622df7978, 0x0000000623000000| 49%| E|  |TAMS 0x0000000622c00000| PB 0x0000000622c00000| Complete 
| 123|0x0000000623000000, 0x0000000623400000, 0x0000000623400000|100%| E|CS|TAMS 0x0000000623000000| PB 0x0000000623000000| Complete 
| 124|0x0000000623400000, 0x0000000623800000, 0x0000000623800000|100%| E|CS|TAMS 0x0000000623400000| PB 0x0000000623400000| Complete 
| 125|0x0000000623800000, 0x0000000623c00000, 0x0000000623c00000|100%| E|CS|TAMS 0x0000000623800000| PB 0x0000000623800000| Complete 
| 126|0x0000000623c00000, 0x0000000624000000, 0x0000000624000000|100%| E|  |TAMS 0x0000000623c00000| PB 0x0000000623c00000| Complete 

Card table byte_map: [0x0000015ceb3f0000,0x0000015cec3d0000] _byte_map_base: 0x0000015ce83ce000

Marking Bits: (CMBitMap*) 0x0000015cd2cecac0
 Bits: [0x0000015cec3d0000, 0x0000015cf42c0000)

Polling page: 0x0000015cd0c20000

Metaspace:

Usage:
  Non-class:      1.61 MB used.
      Class:    140.95 KB used.
       Both:      1.75 MB used.

Virtual space:
  Non-class space:       64.00 MB reserved,       1.69 MB (  3%) committed,  1 nodes.
      Class space:        1.00 GB reserved,     256.00 KB ( <1%) committed,  1 nodes.
             Both:        1.06 GB reserved,       1.94 MB ( <1%) committed. 

Chunk freelists:
   Non-Class:  11.45 MB
       Class:  15.67 MB
        Both:  27.12 MB

MaxMetaspaceSize: unlimited
CompressedClassSpaceSize: 1.00 GB
Initial GC threshold: 21.00 MB
Current GC threshold: 21.00 MB
CDS: on
 - commit_granule_bytes: 65536.
 - commit_granule_words: 8192.
 - virtual_space_node_default_size: 8388608.
 - enlarge_chunks_in_place: 1.
 - use_allocation_guard: 0.


Internal statistics:

num_allocs_failed_limit: 0.
num_arena_births: 24.
num_arena_deaths: 0.
num_vsnodes_births: 2.
num_vsnodes_deaths: 0.
num_space_committed: 31.
num_space_uncommitted: 0.
num_chunks_returned_to_freelist: 0.
num_chunks_taken_from_freelist: 57.
num_chunk_merges: 0.
num_chunk_splits: 38.
num_chunks_enlarged: 27.
num_inconsistent_stats: 0.

CodeHeap 'non-profiled nmethods': size=120000Kb used=196Kb max_used=196Kb free=119803Kb
 bounds [0x0000015ce2bb0000, 0x0000015ce2e20000, 0x0000015cea0e0000]
CodeHeap 'profiled nmethods': size=120000Kb used=929Kb max_used=929Kb free=119070Kb
 bounds [0x0000015cdb0e0000, 0x0000015cdb350000, 0x0000015ce2610000]
CodeHeap 'non-nmethods': size=5760Kb used=1434Kb max_used=1442Kb free=4325Kb
 bounds [0x0000015ce2610000, 0x0000015ce2880000, 0x0000015ce2bb0000]
 total_blobs=998 nmethods=573 adapters=330
 compilation: enabled
              stopped_count=0, restarted_count=0
 full_count=0

Compilation events (20 events):
Event: 0.464 Thread 0x0000015cfb034540 nmethod 514 0x0000015cdb1a1a10 code [0x0000015cdb1a1be0, 0x0000015cdb1a20a8]
Event: 0.465 Thread 0x0000015cfb034540  515       3       java.util.zip.ZipUtils::LOCSIG (6 bytes)
Event: 0.466 Thread 0x0000015cfb034540 nmethod 515 0x0000015cdb1a2290 code [0x0000015cdb1a2440, 0x0000015cdb1a2700]
Event: 0.466 Thread 0x0000015cfb034540  516   !   3       java.util.zip.ZipFile$Source::readAt (39 bytes)
Event: 0.466 Thread 0x0000015cfb034540 nmethod 516 0x0000015cdb1a2890 code [0x0000015cdb1a2a60, 0x0000015cdb1a2db0]
Event: 0.466 Thread 0x0000015cfb034540  518       3       jdk.internal.misc.Unsafe::putReferenceRelease (9 bytes)
Event: 0.466 Thread 0x0000015cfb034540 nmethod 518 0x0000015cdb1a3010 code [0x0000015cdb1a31a0, 0x0000015cdb1a3308]
Event: 0.466 Thread 0x0000015cfb034540  519       3       java.util.concurrent.ConcurrentHashMap::setTabAt (20 bytes)
Event: 0.466 Thread 0x0000015cfb034540 nmethod 519 0x0000015cdb1a3390 code [0x0000015cdb1a3540, 0x0000015cdb1a3760]
Event: 0.468 Thread 0x0000015cfb034540  520       3       java.util.zip.ZipFile$1::getMetaInfVersions (5 bytes)
Event: 0.468 Thread 0x0000015cfb034540 nmethod 520 0x0000015cdb1a3810 code [0x0000015cdb1a39c0, 0x0000015cdb1a3c70]
Event: 0.468 Thread 0x0000015cfb034540  522       3       java.util.ArrayDeque::add (7 bytes)
Event: 0.468 Thread 0x0000015cfb034540 nmethod 522 0x0000015cdb1a3e10 code [0x0000015cdb1a3fc0, 0x0000015cdb1a4118]
Event: 0.468 Thread 0x0000015cfb034540  521   !   3       java.util.zip.ZipFile::getMetaInfVersions (26 bytes)
Event: 0.468 Thread 0x0000015cfb034540 nmethod 521 0x0000015cdb1a4210 code [0x0000015cdb1a43c0, 0x0000015cdb1a4610]
Event: 0.468 Thread 0x0000015cfb034540  523       1       java.security.CodeSource::getLocationNoFragString (5 bytes)
Event: 0.468 Thread 0x0000015cfb034540 nmethod 523 0x0000015ce2bdfb90 code [0x0000015ce2bdfd20, 0x0000015ce2bdfdf0]
Event: 0.469 Thread 0x0000015cfb029990  524       4       java.lang.StringLatin1::inflate (34 bytes)
Event: 0.470 Thread 0x0000015cfb034540  525       3       sun.invoke.util.VerifyAccess::isTypeVisible (118 bytes)
Event: 0.470 Thread 0x0000015cfb034540 nmethod 525 0x0000015cdb1a4790 code [0x0000015cdb1a4aa0, 0x0000015cdb1a5a68]

GC Heap History (0 events):
No events

Dll operation events (9 events):
Event: 0.013 Loaded shared library C:\Program Files\Java\jdk-21\bin\java.dll
Event: 0.059 Loaded shared library C:\Program Files\Java\jdk-21\bin\jsvml.dll
Event: 0.255 Loaded shared library C:\Program Files\Java\jdk-21\bin\zip.dll
Event: 0.262 Loaded shared library C:\Program Files\Java\jdk-21\bin\instrument.dll
Event: 0.267 Loaded shared library C:\Program Files\Java\jdk-21\bin\net.dll
Event: 0.270 Loaded shared library C:\Program Files\Java\jdk-21\bin\nio.dll
Event: 0.272 Loaded shared library C:\Program Files\Java\jdk-21\bin\zip.dll
Event: 0.429 Loaded shared library C:\Program Files\JetBrains\IntelliJ IDEA Community Edition 2024.1.4\bin\breakgen64.dll
Event: 0.444 Loaded shared library C:\Program Files\Java\jdk-21\bin\extnet.dll

Deoptimization events (20 events):
Event: 0.283 Thread 0x0000015cd2c84dc0 DEOPT PACKING pc=0x0000015cdb1201d5 sp=0x0000005271efe340
Event: 0.283 Thread 0x0000015cd2c84dc0 DEOPT UNPACKING pc=0x0000015ce26688e2 sp=0x0000005271efd7c8 mode 0
Event: 0.314 Thread 0x0000015cd2c84dc0 Uncommon trap: trap_request=0xffffff45 fr.pc=0x0000015ce2bc9614 relative=0x0000000000000974
Event: 0.314 Thread 0x0000015cd2c84dc0 Uncommon trap: reason=unstable_if action=reinterpret pc=0x0000015ce2bc9614 method=java.util.zip.ZipFile$Source.checkAndAddEntry(II)I @ 128 c2
Event: 0.314 Thread 0x0000015cd2c84dc0 DEOPT PACKING pc=0x0000015ce2bc9614 sp=0x0000005271efdef0
Event: 0.314 Thread 0x0000015cd2c84dc0 DEOPT UNPACKING pc=0x0000015ce2667da2 sp=0x0000005271efde60 mode 2
Event: 0.383 Thread 0x0000015cd2c84dc0 DEOPT PACKING pc=0x0000015cdb14a2a7 sp=0x0000005271efe680
Event: 0.383 Thread 0x0000015cd2c84dc0 DEOPT UNPACKING pc=0x0000015ce26688e2 sp=0x0000005271efdb18 mode 0
Event: 0.389 Thread 0x0000015cd2c84dc0 DEOPT PACKING pc=0x0000015cdb137c3c sp=0x0000005271efe510
Event: 0.389 Thread 0x0000015cd2c84dc0 DEOPT UNPACKING pc=0x0000015ce26688e2 sp=0x0000005271efd9a0 mode 0
Event: 0.418 Thread 0x0000015cd2c84dc0 Uncommon trap: trap_request=0xffffff45 fr.pc=0x0000015ce2bd6c08 relative=0x0000000000000528
Event: 0.418 Thread 0x0000015cd2c84dc0 Uncommon trap: reason=unstable_if action=reinterpret pc=0x0000015ce2bd6c08 method=java.util.jar.Manifest$FastInputStream.readLine([BII)I @ 106 c2
Event: 0.418 Thread 0x0000015cd2c84dc0 DEOPT PACKING pc=0x0000015ce2bd6c08 sp=0x0000005271efe4f0
Event: 0.418 Thread 0x0000015cd2c84dc0 DEOPT UNPACKING pc=0x0000015ce2667da2 sp=0x0000005271efe480 mode 2
Event: 0.450 Thread 0x0000015cd2c84dc0 DEOPT PACKING pc=0x0000015cdb0ee823 sp=0x0000005271ef8fc0
Event: 0.450 Thread 0x0000015cd2c84dc0 DEOPT UNPACKING pc=0x0000015ce26688e2 sp=0x0000005271ef8458 mode 0
Event: 0.465 Thread 0x0000015cd2c84dc0 DEOPT PACKING pc=0x0000015cdb18dc3c sp=0x0000005271efc6a0
Event: 0.465 Thread 0x0000015cd2c84dc0 DEOPT UNPACKING pc=0x0000015ce26688e2 sp=0x0000005271efbb30 mode 0
Event: 0.469 Thread 0x0000015cd2c84dc0 DEOPT PACKING pc=0x0000015cdb0ef649 sp=0x0000005271efc1c0
Event: 0.469 Thread 0x0000015cd2c84dc0 DEOPT UNPACKING pc=0x0000015ce26688e2 sp=0x0000005271efb660 mode 0

Classes loaded (20 events):
Event: 0.451 Loading class java/io/BufferedReader
Event: 0.451 Loading class java/io/BufferedReader done
Event: 0.451 Loading class java/net/Socket$SocketInputStream
Event: 0.451 Loading class java/net/Socket$SocketInputStream done
Event: 0.451 Loading class sun/nio/ch/NioSocketImpl$1
Event: 0.451 Loading class sun/nio/ch/NioSocketImpl$1 done
Event: 0.452 Loading class sun/nio/cs/StreamDecoder
Event: 0.452 Loading class sun/nio/cs/StreamDecoder done
Event: 0.452 Loading class sun/nio/cs/US_ASCII$Decoder
Event: 0.452 Loading class sun/nio/cs/US_ASCII$Decoder done
Event: 0.452 Loading class sun/nio/ch/Util
Event: 0.452 Loading class sun/nio/ch/Util done
Event: 0.452 Loading class sun/nio/ch/Util$1
Event: 0.452 Loading class sun/nio/ch/Util$1 done
Event: 0.452 Loading class sun/nio/ch/Util$BufferCache
Event: 0.452 Loading class sun/nio/ch/Util$BufferCache done
Event: 0.453 Loading class java/nio/DirectByteBuffer$Deallocator
Event: 0.453 Loading class java/nio/DirectByteBuffer$Deallocator done
Event: 0.454 Loading class java/lang/IllegalStateException
Event: 0.454 Loading class java/lang/IllegalStateException done

Classes unloaded (0 events):
No events

Classes redefined (0 events):
No events

Internal exceptions (3 events):
Event: 0.419 Thread 0x0000015cd2c84dc0 Exception <a 'java/lang/NoSuchMethodError'{0x00000006233184f0}: 'void java.lang.invoke.DirectMethodHandle$Holder.invokeStatic(java.lang.Object, java.lang.Object, java.lang.Object)'> (0x00000006233184f0) 
thrown [s\open\src\hotspot\share\interpreter\linkResolver.cpp, line 773]
Event: 0.422 Thread 0x0000015cd2c84dc0 Exception <a 'java/lang/NoSuchMethodError'{0x000000062332f9f8}: 'java.lang.Object java.lang.invoke.Invokers$Holder.invokeExact_MT(java.lang.Object, java.lang.Object, java.lang.Object, java.lang.Object, java.lang.Object)'> (0x000000062332f9f8) 
thrown [s\open\src\hotspot\share\interpreter\linkResolver.cpp, line 773]
Event: 0.446 Thread 0x0000015cfb96aff0 Exception <a 'java/lang/NoSuchMethodError'{0x0000000623387f50}: 'void java.lang.invoke.DirectMethodHandle$Holder.invokeStatic(java.lang.Object, java.lang.Object)'> (0x0000000623387f50) 
thrown [s\open\src\hotspot\share\interpreter\linkResolver.cpp, line 773]

ZGC Phase Switch (0 events):
No events

VM Operations (6 events):
Event: 0.244 Executing VM operation: HandshakeAllThreads (Deoptimize)
Event: 0.244 Executing VM operation: HandshakeAllThreads (Deoptimize) done
Event: 0.438 Executing VM operation: HandshakeAllThreads (Deoptimize)
Event: 0.438 Executing VM operation: HandshakeAllThreads (Deoptimize) done
Event: 0.452 Executing VM operation: HandshakeAllThreads (Deoptimize)
Event: 0.452 Executing VM operation: HandshakeAllThreads (Deoptimize) done

Events (13 events):
Event: 0.034 Thread 0x0000015cd2c84dc0 Thread added: 0x0000015cd2c84dc0
Event: 0.056 Thread 0x0000015cfb017d90 Thread added: 0x0000015cfb017d90
Event: 0.056 Thread 0x0000015cfb018cb0 Thread added: 0x0000015cfb018cb0
Event: 0.056 Thread 0x0000015cfb0230c0 Thread added: 0x0000015cfb0230c0
Event: 0.056 Thread 0x0000015cfb023f70 Thread added: 0x0000015cfb023f70
Event: 0.057 Thread 0x0000015cfb024ac0 Thread added: 0x0000015cfb024ac0
Event: 0.057 Thread 0x0000015cfb025610 Thread added: 0x0000015cfb025610
Event: 0.057 Thread 0x0000015cfb029990 Thread added: 0x0000015cfb029990
Event: 0.057 Thread 0x0000015cfb034540 Thread added: 0x0000015cfb034540
Event: 0.239 Thread 0x0000015cfb18dfe0 Thread added: 0x0000015cfb18dfe0
Event: 0.296 Thread 0x0000015cfb2fd130 Thread added: 0x0000015cfb2fd130
Event: 0.431 Thread 0x0000015cfb96aff0 Thread added: 0x0000015cfb96aff0
Event: 0.432 Thread 0x0000015cfb8f77d0 Thread added: 0x0000015cfb8f77d0


Dynamic libraries:
0x00007ff767660000 - 0x00007ff767670000 	C:\Program Files\Java\jdk-21\bin\java.exe
0x00007fffa4b50000 - 0x00007fffa4d48000 	C:\Windows\SYSTEM32\ntdll.dll
0x00007fffa34a0000 - 0x00007fffa3562000 	C:\Windows\System32\KERNEL32.DLL
0x00007fffa2680000 - 0x00007fffa297e000 	C:\Windows\System32\KERNELBASE.dll
0x00007fffa23b0000 - 0x00007fffa24b0000 	C:\Windows\System32\ucrtbase.dll
0x00007fff86950000 - 0x00007fff86969000 	C:\Program Files\Java\jdk-21\bin\jli.dll
0x00007fff86970000 - 0x00007fff8698b000 	C:\Program Files\Java\jdk-21\bin\VCRUNTIME140.dll
0x00007fffa2b70000 - 0x00007fffa2c21000 	C:\Windows\System32\ADVAPI32.dll
0x00007fffa44a0000 - 0x00007fffa453e000 	C:\Windows\System32\msvcrt.dll
0x00007fffa2d60000 - 0x00007fffa2dff000 	C:\Windows\System32\sechost.dll
0x00007fffa2c30000 - 0x00007fffa2d53000 	C:\Windows\System32\RPCRT4.dll
0x00007fffa2220000 - 0x00007fffa2247000 	C:\Windows\System32\bcrypt.dll
0x00007fffa2fb0000 - 0x00007fffa314d000 	C:\Windows\System32\USER32.dll
0x00007fffa21f0000 - 0x00007fffa2212000 	C:\Windows\System32\win32u.dll
0x00007fffa3690000 - 0x00007fffa36bb000 	C:\Windows\System32\GDI32.dll
0x00007fffa24b0000 - 0x00007fffa25c7000 	C:\Windows\System32\gdi32full.dll
0x00007fff8caf0000 - 0x00007fff8cd8a000 	C:\Windows\WinSxS\amd64_microsoft.windows.common-controls_6595b64144ccf1df_6.0.19041.4355_none_60b8b9eb71f62e16\COMCTL32.dll
0x00007fffa2250000 - 0x00007fffa22ed000 	C:\Windows\System32\msvcp_win.dll
0x00007fff982a0000 - 0x00007fff982aa000 	C:\Windows\SYSTEM32\VERSION.dll
0x00007fffa3580000 - 0x00007fffa35af000 	C:\Windows\System32\IMM32.DLL
0x00007fff8b540000 - 0x00007fff8b54c000 	C:\Program Files\Java\jdk-21\bin\vcruntime140_1.dll
0x00007fff78a40000 - 0x00007fff78ace000 	C:\Program Files\Java\jdk-21\bin\msvcp140.dll
0x00007fff4db60000 - 0x00007fff4e873000 	C:\Program Files\Java\jdk-21\bin\server\jvm.dll
0x00007fffa4970000 - 0x00007fffa49db000 	C:\Windows\System32\WS2_32.dll
0x00007fffa1b50000 - 0x00007fffa1b9b000 	C:\Windows\SYSTEM32\POWRPROF.dll
0x00007fff85170000 - 0x00007fff85197000 	C:\Windows\SYSTEM32\WINMM.dll
0x00007fffa1b10000 - 0x00007fffa1b22000 	C:\Windows\SYSTEM32\UMPDC.dll
0x00007fffa09d0000 - 0x00007fffa09e2000 	C:\Windows\SYSTEM32\kernel.appcore.dll
0x00007fff8b4e0000 - 0x00007fff8b4ea000 	C:\Program Files\Java\jdk-21\bin\jimage.dll
0x00007fffa0700000 - 0x00007fffa08e4000 	C:\Windows\SYSTEM32\DBGHELP.DLL
0x00007fff86720000 - 0x00007fff86754000 	C:\Windows\SYSTEM32\dbgcore.DLL
0x00007fffa2980000 - 0x00007fffa2a02000 	C:\Windows\System32\bcryptPrimitives.dll
0x00007fff8b3b0000 - 0x00007fff8b3bf000 	C:\Program Files\Java\jdk-21\bin\instrument.dll
0x00007fff86930000 - 0x00007fff8694f000 	C:\Program Files\Java\jdk-21\bin\java.dll
0x00007fffa3b90000 - 0x00007fffa42fd000 	C:\Windows\System32\SHELL32.dll
0x00007fff9fe80000 - 0x00007fffa0624000 	C:\Windows\SYSTEM32\windows.storage.dll
0x00007fffa4610000 - 0x00007fffa4963000 	C:\Windows\System32\combase.dll
0x00007fffa1ad0000 - 0x00007fffa1afe000 	C:\Windows\SYSTEM32\Wldp.dll
0x00007fffa3290000 - 0x00007fffa335d000 	C:\Windows\System32\OLEAUT32.dll
0x00007fffa31e0000 - 0x00007fffa328d000 	C:\Windows\System32\SHCORE.dll
0x00007fffa43c0000 - 0x00007fffa4415000 	C:\Windows\System32\shlwapi.dll
0x00007fffa2120000 - 0x00007fffa2144000 	C:\Windows\SYSTEM32\profapi.dll
0x00007fff75ec0000 - 0x00007fff75f97000 	C:\Program Files\Java\jdk-21\bin\jsvml.dll
0x00007fff86910000 - 0x00007fff86928000 	C:\Program Files\Java\jdk-21\bin\zip.dll
0x00007fff87000000 - 0x00007fff87010000 	C:\Program Files\Java\jdk-21\bin\net.dll
0x00007fff9bef0000 - 0x00007fff9bffd000 	C:\Windows\SYSTEM32\WINHTTP.dll
0x00007fffa18b0000 - 0x00007fffa191a000 	C:\Windows\system32\mswsock.dll
0x00007fff84e00000 - 0x00007fff84e16000 	C:\Program Files\Java\jdk-21\bin\nio.dll
0x00007fff84da0000 - 0x00007fff84dba000 	C:\Program Files\JetBrains\IntelliJ IDEA Community Edition 2024.1.4\bin\breakgen64.dll
0x00007fff86900000 - 0x00007fff86909000 	C:\Program Files\Java\jdk-21\bin\extnet.dll

dbghelp: loaded successfully - version: 4.0.5 - missing functions: none
symbol engine: initialized successfully - sym options: 0x614 - pdb path: .;C:\Program Files\Java\jdk-21\bin;C:\Windows\SYSTEM32;C:\Windows\WinSxS\amd64_microsoft.windows.common-controls_6595b64144ccf1df_6.0.19041.4355_none_60b8b9eb71f62e16;C:\Program Files\Java\jdk-21\bin\server;C:\Program Files\JetBrains\IntelliJ IDEA Community Edition 2024.1.4\bin

VM Arguments:
jvm_args: -javaagent:C:\Program Files\JetBrains\IntelliJ IDEA Community Edition 2024.1.4\lib\idea_rt.jar=49987:C:\Program Files\JetBrains\IntelliJ IDEA Community Edition 2024.1.4\bin -Dfile.encoding=UTF-8 -Dsun.stdout.encoding=UTF-8 -Dsun.stderr.encoding=UTF-8 
java_command: com.shoppingoo.brand.BrandApplication
java_class_path (initial): C:\sk_s_r_project4\BackEnd-Brand\build\classes\java\main;C:\sk_s_r_project4\BackEnd-Brand\build\resources\main;C:\Users\r2com\.gradle\caches\modules-2\files-2.1\org.springframework.boot\spring-boot-starter-web\3.3.5\51cc6cd5fb15f4eecfadea4ac689ed290e65c2cc\spring-boot-starter-web-3.3.5.jar;C:\Users\r2com\.gradle\caches\modules-2\files-2.1\org.springframework.cloud\spring-cloud-starter-gateway\4.1.5\a2f9e444e80687cbdf30fc288e26c9d3adcc8d18\spring-cloud-starter-gateway-4.1.5.jar;C:\Users\r2com\.gradle\caches\modules-2\files-2.1\org.springframework.boot\spring-boot-starter-validation\3.3.5\5f32f28b5573c024c9aa16369914d8f2760bd38e\spring-boot-starter-validation-3.3.5.jar;C:\Users\r2com\.gradle\caches\modules-2\files-2.1\org.springframework.boot\spring-boot-starter-security\3.3.5\662a0cd1672e55cdde5f8af1be79e18653e13c3d\spring-boot-starter-security-3.3.5.jar;C:\Users\r2com\.gradle\caches\modules-2\files-2.1\org.springframework.boot\spring-boot-starter-data-jpa\3.3.5\3fbef698f3a3c43c60ed493f96b11471f7d01ec7\spring-boot-starter-data-jpa-3.3.5.jar;C:\Users\r2com\.gradle\caches\modules-2\files-2.1\org.springframework.cloud\spring-cloud-starter-netflix-eureka-client\4.1.3\324eeca63a9dbea2d6c09a4691f133bca8250523\spring-cloud-starter-netflix-eureka-client-4.1.3.jar;C:\Users\r2com\.gradle\caches\modules-2\files-2.1\org.springframework.boot\spring-boot-starter\3.3.5\16b7a9acf1918a8f763e871ada3794e9ffd4a980\spring-boot-starter-3.3.5.jar;C:\Users\r2com\.gradle\caches\modules-2\files-2.1\org.springdoc\springdoc-openapi-starter-webmvc-ui\2.0.2\264da79c9d4a53feab8c5c6d0e0cb143bd099d4\springdoc-openapi-starter-webmvc-ui-2.0.2.jar;C:\Users\r2com\.gradle\caches\modules-2\files-2.1\org.modelmapper\modelmapper\3.1.0\a3727e6b449dfc9d9052d48185d1eeb029faaf12\modelmapper-3.1.0.jar;C:\Users\r2com\.gradle\caches\modules-2\files-2.1\me.paulschwarz\spring-dotenv\4.0.0\e0180f80e685a9506d1942e6836a16dee050ebaf\spring-dotenv-4.0.0.jar;C:\Users\r2com\.gradle\caches\modules-2\files-2.1\org.springframework.boot\spring-boot-starter-json\3.3.5\a92dd0bc808c9de278bc62bc37db4e409027657a\spring-boot-starter-json-3.3.5.jar;C:\Users\r2com\.gradle\caches\modules-2\files-2.1\org.springframework.boot\spring-boot-starter-tomcat\3.3.5\9fcf404e2efc06612af0c194e6d4f4162c6aac24\spring-boot-starter-tomcat-3.3.5.jar;C:\Users\r2com\.gradle\caches\modules-2\files-2.1\org.springframework\spring-webmvc\6.1.14\804478303aac6f91ea566efd4fef3dc06380528a\spring-webmvc-6.1.14.jar;C:\Users\r2com\.gradle\caches\modules-2\files-2.1\org.springframework\spring-web\6.1.14\b45eaad7df4f37ce224acdcb555a6a3dd5c246b2\spring-web-6.1.14.jar;C:\Users\r2com\.gradle\caches\modules-2\files-2.1\org.springframework.cloud\spring-cloud-gateway-server\4.1.5\202642eefa6218fc846266f4a84c1ad1d8191344\spring-cloud-gateway-server-4.1.5.jar;C:\Users\r2com\.gradle\caches\modules-2\files-2.1\org.springframework.boot\spring-boot-starter-webflux\3.3.5\6de46a195705782a7c02ec24b2176fecaa53421d\spring-boot-starter-webflux-3.3.5.jar;C:\Users\r2com\.gradle\caches\modules-2\files-2.1\org.springframework.cloud\spring-cloud-starter\4.1.4\e32d5329fff525c522ebe3fea48f3a0e8ad08547\spring-cloud-starter-4.1.4.jar;C:\Users\r2com\.gradle\caches\modules-2\files-2.1\org.apache.tomcat.embed\tomcat-embed-el\10.1.31\ab21108d69bb42160eff7b905f606a1d0c21ae67\tomcat-embed-el-10.1.31.jar;C:\Users\r2com\.gradle\caches\modules-2\files-2.1\org.hibernate.validator\hibernate-validator\8.0.1.Final\e49e116b3d3928060599b176b3538bb848718e95\hibernate-validator-8.0.1.Final.jar;C:\Users\r2com\.gradle\caches\modules-2\files-2.1\org.springframework.security\spring-security-web\6.3.4\d0b9e554c0cc3291086a53e3537935b820d82742\spring-security-web-6.3.4.jar;C:\Users\r2com\.gradle\caches\modules-2\files-2.1\org.springframework.security\spring-security-config\6.3.4\ef05a0653492b58f3cfb11f5ee4b69007e259f57\spring-security-config-6.3.4.jar;C:\Users\r2com\.gradle\caches\modules-2\files-2.1\org.springframework\spring-aop\6.1.14\3d5002d4c415c1ff4720f214c804d3d7e7d10111\spring-aop-6.1.14.jar;C:\Users\r2com\.gradle\caches\modules-2\files-2.1\org.springframework.boot\spring-boot-starter-aop\3.3.5\872157ff7d70996d6302f61aad1b176b4905a169\spring-boot-starter-aop-3.3.5.jar;C:\Users\r2com\.gradle\caches\modules-2\files-2.1\org.springframework.boot\spring-boot-starter-jdbc\3.3.5\64c2c63ff90dffcd6996b3cd11e5d7e9805884d2\spring-boot-starter-jdbc-3.3.5.jar;C:\Users\r2com\.gradle\caches\modules-2\files-2.1\org.springframework.data\spring-data-jpa\3.3.5\72a3aa723e1008cc6216f94e79e2de721fc4c513\spring-data-jpa-3.3.5.jar;C:\Users\r2com\.gradle\caches\modules-2\files-2.1\org.hibernate.orm\hibernate-core\6.5.3.Final\1e23c320a5d10f5eaecbd23095fca5c5c83c1fb5\hibernate-core-6.5.3.Final.jar;C:\Users\r2com\.gradle\caches\modules-2\files-2.1\org.springframework\spring-aspects\6.1.14\cd9d1c53457ac159e1eba3f342cbd6bf8dad4027\spring-aspects-6.1.14.jar;C:\Users\r2com\.gradle\caches\modules-2\files-2.1\org.springframework.cloud\spring-cloud-starter-loadbalancer\4.1.4\f0fb6af4e68b4e4bb1fed47ea0d833369fb9c73c\spring-cloud-starter-loadbalancer-4.1.4.jar;C:\Users\r2com\.gradle\caches\modules-2\files-2.1\org.springframework.cloud\spring-cloud-netflix-eureka-client\4.1.3\195b61066368e69b3920d691143f6a08491caee9\spring-cloud-netflix-eureka-client-4.1.3.jar;C:\Users\r2com\.gradle\caches\modules-2\files-2.1\com.netflix.eureka\eureka-core\2.0.3\37b2d7c39cce2cc0ee60288c197133b33774cd72\eureka-core-2.0.3.jar;C:\Users\r2com\.gradle\caches\modules-2\files-2.1\com.netflix.eureka\eureka-client\2.0.3\f3446f6da4a4d49b2e4d2a63d129975f8dd0a915\eureka-client-2.0.3.jar;C:\Users\r2com\.gradle\caches\modules-2\files-2.1\org.springframework.boot\spring-boot-autoconfigure\3.3.5\1efbbd46eeef054986796200313f4bb0d53a7268\spring-boot-autoconfigure-3.3.5.jar;C:\Users\r2com\.gradle\caches\modules-2\files-2.1\org.springframework.boot\spring-boot\3.3.5\1a0d1dc425d445503bd01c9aa3683aaebc524e3b\spring-boot-3.3.5.jar;C:\Users\r2com\.gradle\caches\modules-2\files-2.1\org.springframework.boot\spring-boot-starter-logging\3.3.5\de318d4baa64f02631accf51d708e906b304b4cc\spring-boot-starter-logging-3.3.5.jar;C:\Users\r2com\.gradle\caches\modules-2\files-2.1\jakarta.annotation\jakarta.annotation-api\2.1.1\48b9bda22b091b1f48b13af03fe36db3be6e1ae3\jakarta.annotation-api-2.1.1.jar;C:\Users\r2com\.gradle\caches\modules-2\files-2.1\org.springframework\spring-core\6.1.14\45d2d808015bf6c5411e457fa09e843042dc3a76\spring-core-6.1.14.jar;C:\Users\r2com\.gradle\caches\modules-2\files-2.1\org.yaml\snakeyaml\2.2\3af797a25458550a16bf89acc8e4ab2b7f2bfce0\snakeyaml-2.2.jar;C:\Users\r2com\.gradle\caches\modules-2\files-2.1\org.springdoc\springdoc-openapi-starter-webmvc-api\2.0.2\479a5cd03969a22d9f8b819ef92c54433e08034a\springdoc-openapi-starter-webmvc-api-2.0.2.jar;C:\Users\r2com\.gradle\caches\modules-2\files-2.1\org.webjars\swagger-ui\4.15.5\fc283d7a6d93c58fb466766eef4b8110c57639ea\swagger-ui-4.15.5.jar;C:\Users\r2com\.gradle\caches\modules-2\files-2.1\org.webjars\webjars-locator-core\0.58\ebe12fd4fa91dd68ab1755ff42cd0659b841168a\webjars-locator-core-0.58.jar;C:\Users\r2com\.gradle\caches\modules-2\files-2.1\io.github.classgraph\classgraph\4.8.149\4bc2f188bc9001473d4a26ac488c2ae1a3e906de\classgraph-4.8.149.jar;C:\Users\r2com\.gradle\caches\modules-2\files-2.1\com.fasterxml.jackson.datatype\jackson-datatype-jdk8\2.17.2\efd3dd0e1d0db8bc72abbe71c15e697bb83b4b45\jackson-datatype-jdk8-2.17.2.jar;C:\Users\r2com\.gradle\caches\modules-2\files-2.1\com.fasterxml.jackson.datatype\jackson-datatype-jsr310\2.17.2\267b85e9ba2892a37be6d80aa9ca1438a0d8c210\jackson-datatype-jsr310-2.17.2.jar;C:\Users\r2com\.gradle\caches\modules-2\files-2.1\com.fasterxml.jackson.module\jackson-module-parameter-names\2.17.2\d27b9f95ccce98984c1ba58d61c5a9c072b1ad95\jackson-module-parameter-names-2.17.2.jar;C:\Users\r2com\.gradle\caches\modules-2\files-2.1\com.fasterxml.jackson.core\jackson-databind\2.17.2\e6deb029e5901e027c129341fac39e515066b68c\jackson-databind-2.17.2.jar;C:\Users\r2com\.gradle\caches\modules-2\files-2.1\org.apache.tomcat.embed\tomcat-embed-websocket\10.1.31\6f755a475e44ece496ae3402de0c6c2dbea63921\tomcat-embed-websocket-10.1.31.jar;C:\Users\r2com\.gradle\caches\modules-2\files-2.1\org.apache.tomcat.embed\tomcat-embed-core\10.1.31\a91cc0a95157228d9cccb1a9e8fb9c77c048c937\tomcat-embed-core-10.1.31.jar;C:\Users\r2com\.gradle\caches\modules-2\files-2.1\org.springframework\spring-context\6.1.14\b3d96fb4310376a608465c3544b7cfb790293787\spring-context-6.1.14.jar;C:\Users\r2com\.gradle\caches\modules-2\files-2.1\org.springframework\spring-beans\6.1.14\be71b919145e20fb7f38c81467d7d0f1c09ad1bd\spring-beans-6.1.14.jar;C:\Users\r2com\.gradle\caches\modules-2\files-2.1\org.springframework\spring-expression\6.1.14\495646d4968fb90aa97bc05a7d298d0c32898a1d\spring-expression-6.1.14.jar;C:\Users\r2com\.gradle\caches\modules-2\files-2.1\io.micrometer\micrometer-observation\1.13.6\8650b5372db17587f1271cd130beafa93d7eb573\micrometer-observation-1.13.6.jar;C:\Users\r2com\.gradle\caches\modules-2\files-2.1\io.projectreactor.addons\reactor-extra\3.5.2\163f7babfc93f949738a440ea8cae5079cdb4aaa\reactor-extra-3.5.2.jar;C:\Users\r2com\.gradle\caches\modules-2\files-2.1\org.springframework\spring-webflux\6.1.14\fddfda6e7f9c5210dedeccf64c90f6b5699619cb\spring-webflux-6.1.14.jar;C:\Users\r2com\.gradle\caches\modules-2\files-2.1\org.springframework.boot\spring-boot-starter-reactor-netty\3.3.5\a2306856f0723dbf6d7e65d3918362acf3685f71\spring-boot-starter-reactor-netty-3.3.5.jar;C:\Users\r2com\.gradle\caches\modules-2\files-2.1\org.springframework.cloud\spring-cloud-context\4.1.4\79f3f11e3c9ee32108bc21c6b3fa5b2233aed820\spring-cloud-context-4.1.4.jar;C:\Users\r2com\.gradle\caches\modules-2\files-2.1\org.springframework.cloud\spring-cloud-commons\4.1.4\17a5acd971f66a9fc0f1f82d977b29a1ee081b30\spring-cloud-commons-4.1.4.jar;C:\Users\r2com\.gradle\caches\modules-2\files-2.1\org.springframework.security\spring-security-rsa\1.1.3\3d0c30d4b9adaf350e88ea1b0a62912aee4c3eee\spring-security-rsa-1.1.3.jar;C:\Users\r2com\.gradle\caches\modules-2\files-2.1\jakarta.validation\jakarta.validation-api\3.0.2\92b6631659ba35ca09e44874d3eb936edfeee532\jakarta.validation-api-3.0.2.jar;C:\Users\r2com\.gradle\caches\modules-2\files-2.1\org.jboss.logging\jboss-logging\3.5.3.Final\c88fc1d8a96d4c3491f55d4317458ccad53ca663\jboss-logging-3.5.3.Final.jar;C:\Users\r2com\.gradle\caches\modules-2\files-2.1\com.fasterxml\classmate\1.7.0\e98374da1f2143ac8e6e0a95036994bb19137a3\classmate-1.7.0.jar;C:\Users\r2com\.gradle\caches\modules-2\files-2.1\org.springframework.security\spring-security-core\6.3.4\b090f940b1db00f58f5cad0675ce82670cc75904\spring-security-core-6.3.4.jar;C:\Users\r2com\.gradle\caches\modules-2\files-2.1\org.aspectj\aspectjweaver\1.9.22.1\bca243d0af0db4758fbae45c5f4995cb5dabb612\aspectjweaver-1.9.22.1.jar;C:\Users\r2com\.gradle\caches\modules-2\files-2.1\org.springframework\spring-jdbc\6.1.14\30ecdc7b9031553835ae16fa786fb24297adc857\spring-jdbc-6.1.14.jar;C:\Users\r2com\.gradle\caches\modules-2\files-2.1\com.zaxxer\HikariCP\5.1.0\8c96e36c14461fc436bb02b264b96ef3ca5dca8c\HikariCP-5.1.0.jar;C:\Users\r2com\.gradle\caches\modules-2\files-2.1\org.springframework\spring-orm\6.1.14\fc113b824cb790ae320cc7f97803d92cbb9ebf6e\spring-orm-6.1.14.jar;C:\Users\r2com\.gradle\caches\modules-2\files-2.1\org.springframework.data\spring-data-commons\3.3.5\fb640c93121dc1e57b63d9315f646cd828f7368d\spring-data-commons-3.3.5.jar;C:\Users\r2com\.gradle\caches\modules-2\files-2.1\org.springframework\spring-tx\6.1.14\f6cc1a08472e8ac51298a26bbe0f8b3d47d43175\spring-tx-6.1.14.jar;C:\Users\r2com\.gradle\caches\modules-2\files-2.1\org.antlr\antlr4-runtime\4.13.0\5a02e48521624faaf5ff4d99afc88b01686af655\antlr4-runtime-4.13.0.jar;C:\Users\r2com\.gradle\caches\modules-2\files-2.1\org.slf4j\slf4j-api\2.0.16\172931663a09a1fa515567af5fbef00897d3c04\slf4j-api-2.0.16.jar;C:\Users\r2com\.gradle\caches\modules-2\files-2.1\jakarta.persistence\jakarta.persistence-api\3.1.0\66901fa1c373c6aff65c13791cc11da72060a8d6\jakarta.persistence-api-3.1.0.jar;C:\Users\r2com\.gradle\caches\modules-2\files-2.1\jakarta.transaction\jakarta.transaction-api\2.0.1\51a520e3fae406abb84e2e1148e6746ce3f80a1a\jakarta.transaction-api-2.0.1.jar;C:\Users\r2com\.gradle\caches\modules-2\files-2.1\org.springframework.boot\spring-boot-starter-cache\3.3.5\7a77067f38af69e8cc20700970349a4868b4c104\spring-boot-starter-cache-3.3.5.jar;C:\Users\r2com\.gradle\caches\modules-2\files-2.1\org.springframework.cloud\spring-cloud-loadbalancer\4.1.4\630b76d1979f95144df72d75328863233dfc188a\spring-cloud-loadbalancer-4.1.4.jar;C:\Users\r2com\.gradle\caches\modules-2\files-2.1\com.stoyanr\evictor\1.0.0\d4615a8516dc28cb958e723f1a0902faa8732217\evictor-1.0.0.jar;C:\Users\r2com\.gradle\caches\modules-2\files-2.1\org.apache.httpcomponents.client5\httpclient5\5.3.1\56b53c8f4bcdaada801d311cf2ff8a24d6d96883\httpclient5-5.3.1.jar;C:\Users\r2com\.gradle\caches\modules-2\files-2.1\com.thoughtworks.xstream\xstream\1.4.20\e2315b8b2e95e9f21697833c8e56cdd9c98a5ee\xstream-1.4.20.jar;C:\Users\r2com\.gradle\caches\modules-2\files-2.1\jakarta.inject\jakarta.inject-api\2.0.1\4c28afe1991a941d7702fe1362c365f0a8641d1e\jakarta.inject-api-2.0.1.jar;C:\Users\r2com\.gradle\caches\modules-2\files-2.1\com.fasterxml.woodstox\woodstox-core\6.2.1\1600925b1ec7c7a3403c8f068ad62feead13132f\woodstox-core-6.2.1.jar;C:\Users\r2com\.gradle\caches\modules-2\files-2.1\com.fasterxml.jackson.core\jackson-annotations\2.17.2\147b7b9412ffff24339f8aba080b292448e08698\jackson-annotations-2.17.2.jar;C:\Users\r2com\.gradle\caches\modules-2\files-2.1\com.fasterxml.jackson.core\jackson-core\2.17.2\969a35cb35c86512acbadcdbbbfb044c877db814\jackson-core-2.17.2.jar;C:\Users\r2com\.gradle\caches\modules-2\files-2.1\jakarta.ws.rs\jakarta.ws.rs-api\3.1.0\15ce10d249a38865b58fc39521f10f29ab0e3363\jakarta.ws.rs-api-3.1.0.jar;C:\Users\r2com\.gradle\caches\modules-2\files-2.1\com.netflix.spectator\spectator-api\1.7.3\d7d62fc0559b4de07c99a8072896b4abb0c4124d\spectator-api-1.7.3.jar;C:\Users\r2com\.gradle\caches\modules-2\files-2.1\org.apache.httpcomponents\httpclient\4.5.3\d1577ae15f01ef5438c5afc62162457c00a34713\httpclient-4.5.3.jar;C:\Users\r2com\.gradle\caches\modules-2\files-2.1\commons-configuration\commons-configuration\1.10\2b36e4adfb66d966c5aef2d73deb6be716389dc9\commons-configuration-1.10.jar;C:\Users\r2com\.gradle\caches\modules-2\files-2.1\ch.qos.logback\logback-classic\1.5.11\c4473fb51fea6682ad477cf3c2206b8b9623b9d8\logback-classic-1.5.11.jar;C:\Users\r2com\.gradle\caches\modules-2\files-2.1\org.apache.logging.log4j\log4j-to-slf4j\2.23.1\425ad1eb8a39904d2830e907a324e956fb456520\log4j-to-slf4j-2.23.1.jar;C:\Users\r2com\.gradle\caches\modules-2\files-2.1\org.slf4j\jul-to-slf4j\2.0.16\6d57da3e961daac65bcca0dd3def6cd11e48a24a\jul-to-slf4j-2.0.16.jar;C:\Users\r2com\.gradle\caches\modules-2\files-2.1\org.springframework\spring-jcl\6.1.14\842b2b24a375efd79af436860d22ba4e0082ff4b\spring-jcl-6.1.14.jar;C:\Users\r2com\.gradle\caches\modules-2\files-2.1\org.springdoc\springdoc-openapi-starter-common\2.0.2\5f668e69d620c56db3ba9689d48d6b64e42235b9\springdoc-openapi-starter-common-2.0.2.jar;C:\Users\r2com\.gradle\caches\modules-2\files-2.1\io.micrometer\micrometer-commons\1.13.6\224f398df08315a8f9cda21fcb4f062d24da4a49\micrometer-commons-1.13.6.jar;C:\Users\r2com\.gradle\caches\modules-2\files-2.1\io.projectreactor\reactor-core\3.6.11\45515246b186b5a0dcadf2c22ea7c6d88d80bff4\reactor-core-3.6.11.jar;C:\Users\r2com\.gradle\caches\modules-2\files-2.1\io.projectreactor.netty\reactor-netty-http\1.1.23\94b294fa90aee2e88ad4337251e278aaac21362c\reactor-netty-http-1.1.23.jar;C:\Users\r2com\.gradle\caches\modules-2\files-2.1\org.springframework.security\spring-security-crypto\6.3.4\220656844844c23d07e8f0105e75c74530db2657\spring-security-crypto-6.3.4.jar;C:\Users\r2com\.gradle\caches\modules-2\files-2.1\org.bouncycastle\bcprov-jdk18on\1.78\619aafb92dc0b4c6cc4cf86c487ca48ee2d67a8e\bcprov-jdk18on-1.78.jar;C:\Users\r2com\.gradle\caches\modules-2\files-2.1\org.springframework\spring-context-support\6.1.14\30325fd71a58ebc5ba36f53800d0c910badf1a6\spring-context-support-6.1.14.jar;C:\Users\r2com\.gradle\caches\modules-2\files-2.1\org.apache.httpcomponents.core5\httpcore5-h2\5.2.5\9425df4d1365cee86a8e031a036bdca4343da4b\httpcore5-h2-5.2.5.jar;C:\Users\r2com\.gradle\caches\modules-2\files-2.1\org.apache.httpcomponents.core5\httpcore5\5.2.5\dab1e18842971a45ca8942491ce005ab86a028d7\httpcore5-5.2.5.jar;C:\Users\r2com\.gradle\caches\modules-2\files-2.1\io.github.x-stream\mxparser\1.2.2\476fb3b3bb3716cad797cd054ce45f89445794e9\mxparser-1.2.2.jar;C:\Users\r2com\.gradle\caches\modules-2\files-2.1\org.codehaus.woodstox\stax2-api\4.2.1\a3f7325c52240418c2ba257b103c3c550e140c83\stax2-api-4.2.1.jar;C:\Users\r2com\.gradle\caches\modules-2\files-2.1\org.apache.httpcomponents\httpcore\4.4.16\51cf043c87253c9f58b539c9f7e44c8894223850\httpcore-4.4.16.jar;C:\Users\r2com\.gradle\caches\modules-2\files-2.1\commons-codec\commons-codec\1.16.1\47bd4d333fba53406f6c6c51884ddbca435c8862\commons-codec-1.16.1.jar;C:\Users\r2com\.gradle\caches\modules-2\files-2.1\commons-lang\commons-lang\2.6\ce1edb914c94ebc388f086c6827e8bdeec71ac2\commons-lang-2.6.jar;C:\Users\r2com\.gradle\caches\modules-2\files-2.1\ch.qos.logback\logback-core\1.5.11\727bdb8dc75b6c392f9be56224503948abc248e8\logback-core-1.5.11.jar;C:\Users\r2com\.gradle\caches\modules-2\files-2.1\org.apache.logging.log4j\log4j-api\2.23.1\9c15c29c526d9c6783049c0a77722693c66706e1\log4j-api-2.23.1.jar;C:\Users\r2com\.gradle\caches\modules-2\files-2.1\io.swagger.core.v3\swagger-core-jakarta\2.2.7\9111d85fc116ad6ec9d5f6f54edf81c2740e52\swagger-core-jakarta-2.2.7.jar;C:\Users\r2com\.gradle\caches\modules-2\files-2.1\org.reactivestreams\reactive-streams\1.0.4\3864a1320d97d7b045f729a326e1e077661f31b7\reactive-streams-1.0.4.jar;C:\Users\r2com\.gradle\caches\modules-2\files-2.1\io.projectreactor.netty\reactor-netty-core\1.1.23\a7059b0c18ab7aa0fa9e08b48cb6a20b15c11478\reactor-netty-core-1.1.23.jar;C:\Users\r2com\.gradle\caches\modules-2\files-2.1\io.netty\netty-codec-http2\4.1.114.Final\19ae07fdf99142a70338f8cda70a3d2edbc8e80a\netty-codec-http2-4.1.114.Final.jar;C:\Users\r2com\.gradle\caches\modules-2\files-2.1\io.netty\netty-codec-http\4.1.114.Final\fbce5a53884275662e68aaad70f88bf7e5d04164\netty-codec-http-4.1.114.Final.jar;C:\Users\r2com\.gradle\caches\modules-2\files-2.1\io.netty\netty-resolver-dns-native-macos\4.1.114.Final\243567097d4d6f0572937d57df94107a1f36cdc0\netty-resolver-dns-native-macos-4.1.114.Final-osx-x86_64.jar;C:\Users\r2com\.gradle\caches\modules-2\files-2.1\io.netty\netty-resolver-dns\4.1.114.Final\2fed36ff50059ded641fa5064963c4b4313512f3\netty-resolver-dns-4.1.114.Final.jar;C:\Users\r2com\.gradle\caches\modules-2\files-2.1\io.netty\netty-transport-native-epoll\4.1.114.Final\43268d2bef66e72e5a7956045a3caf8395f49ae6\netty-transport-native-epoll-4.1.114.Final-linux-x86_64.jar;C:\Users\r2com\.gradle\caches\modules-2\files-2.1\xmlpull\xmlpull\1.1.3.1\2b8e230d2ab644e4ecaa94db7cdedbc40c805dfa\xmlpull-1.1.3.1.jar;C:\Users\r2com\.gradle\caches\modules-2\files-2.1\io.swagger.core.v3\swagger-models-jakarta\2.2.7\b26a24f51b009fe77a0b4b4f67738a60aaff1aa2\swagger-models-jakarta-2.2.7.jar;C:\Users\r2com\.gradle\caches\modules-2\files-2.1\com.fasterxml.jackson.dataformat\jackson-dataformat-yaml\2.17.2\78d2c73dbec62044d7cf3b544b2e0d24a1a093b0\jackson-dataformat-yaml-2.17.2.jar;C:\Users\r2com\.gradle\caches\modules-2\files-2.1\org.apache.commons\commons-lang3\3.14.0\1ed471194b02f2c6cb734a0cd6f6f107c673afae\commons-lang3-3.14.0.jar;C:\Users\r2com\.gradle\caches\modules-2\files-2.1\io.swagger.core.v3\swagger-annotations-jakarta\2.2.7\1629437bff242e019f5fbac9b27dddd6df47a23b\swagger-annotations-jakarta-2.2.7.jar;C:\Users\r2com\.gradle\caches\modules-2\files-2.1\jakarta.xml.bind\jakarta.xml.bind-api\4.0.2\6cd5a999b834b63238005b7144136379dc36cad2\jakarta.xml.bind-api-4.0.2.jar;C:\Users\r2com\.gradle\caches\modules-2\files-2.1\io.netty\netty-handler-proxy\4.1.114.Final\a01071edffb4812009312b461ce5f160cdec9b75\netty-handler-proxy-4.1.114.Final.jar;C:\Users\r2com\.gradle\caches\modules-2\files-2.1\io.netty\netty-handler\4.1.114.Final\e56fbde4b9aa628eed15a5dbfbeb97877db88146\netty-handler-4.1.114.Final.jar;C:\Users\r2com\.gradle\caches\modules-2\files-2.1\io.netty\netty-codec\4.1.114.Final\5a49dfa2828d64bf756f670e63259115332744cf\netty-codec-4.1.114.Final.jar;C:\Users\r2com\.gradle\caches\modules-2\files-2.1\io.netty\netty-transport\4.1.114.Final\e0225a575f487904be8517092cbd74e01913533c\netty-transport-4.1.114.Final.jar;C:\Users\r2com\.gradle\caches\modules-2\files-2.1\io.netty\netty-buffer\4.1.114.Final\f1d77d15c0b781cd9395a2a956262766fd0c7602\netty-buffer-4.1.114.Final.jar;C:\Users\r2com\.gradle\caches\modules-2\files-2.1\io.netty\netty-common\4.1.114.Final\862712e292b162c8ccaa7847a6a54df8178f77e5\netty-common-4.1.114.Final.jar;C:\Users\r2com\.gradle\caches\modules-2\files-2.1\io.netty\netty-resolver-dns-classes-macos\4.1.114.Final\1a3725d4e810e3a8403f9b510f8e1b1927e1230b\netty-resolver-dns-classes-macos-4.1.114.Final.jar;C:\Users\r2com\.gradle\caches\modules-2\files-2.1\io.netty\netty-codec-dns\4.1.114.Final\35798729ba06670fb4fcd02db98d9577e363992d\netty-codec-dns-4.1.114.Final.jar;C:\Users\r2com\.gradle\caches\modules-2\files-2.1\io.netty\netty-resolver\4.1.114.Final\10b23784b23d6a948930f52ba82874f1291b5873\netty-resolver-4.1.114.Final.jar;C:\Users\r2com\.gradle\caches\modules-2\files-2.1\io.netty\netty-transport-classes-epoll\4.1.114.Final\f442c794e6fe89e6974f058bf393353e01fb927d\netty-transport-classes-epoll-4.1.114.Final.jar;C:\Users\r2com\.gradle\caches\modules-2\files-2.1\io.netty\netty-transport-native-unix-common\4.1.114.Final\d1171bb99411f282068f49d780cedf8c9adeabfd\netty-transport-native-unix-common-4.1.114.Final.jar;C:\Users\r2com\.gradle\caches\modules-2\files-2.1\jakarta.activation\jakarta.activation-api\2.1.3\fa165bd70cda600368eee31555222776a46b881f\jakarta.activation-api-2.1.3.jar;C:\Users\r2com\.gradle\caches\modules-2\files-2.1\io.netty\netty-codec-socks\4.1.114.Final\42b1159cac3d196f6bdbd528e29f0fab9dbaae06\netty-codec-socks-4.1.114.Final.jar;C:\Users\r2com\.gradle\caches\modules-2\files-2.1\org.springframework.boot\spring-boot-devtools\3.3.5\359da61f9d19893ff76a324a39a2ac43dec2887f\spring-boot-devtools-3.3.5.jar;C:\Users\r2com\.gradle\caches\modules-2\files-2.1\org.mariadb.jdbc\mariadb-java-client\3.3.3\149f773186f5b7d2e840cfaecf4e3bcdddf7b065\mariadb-java-client-3.3.3.jar;C:\Users\r2com\.gradle\caches\modules-2\files-2.1\io.github.cdimascio\dotenv-java\3.0.0\f535c5df8b98575eabb2820e548f5ba8a987fe69\dotenv-java-3.0.0.jar;C:\Users\r2com\.gradle\caches\modules-2\files-2.1\com.github.waffle\waffle-jna\3.3.0\6c1a06b345702bb1dfd77006af926b091bded851\waffle-jna-3.3.0.jar;C:\Users\r2com\.gradle\caches\modules-2\files-2.1\org.hibernate.common\hibernate-commons-annotations\6.0.6.Final\77a5f94b56d49508e0ee334751db5b78e5ccd50c\hibernate-commons-annotations-6.0.6.Final.jar;C:\Users\r2com\.gradle\caches\modules-2\files-2.1\io.smallrye\jandex\3.1.2\a6c1c89925c7df06242b03dddb353116ceb9584c\jandex-3.1.2.jar;C:\Users\r2com\.gradle\caches\modules-2\files-2.1\net.bytebuddy\byte-buddy\1.14.19\4c0c637b8f47dc08f89240e6f59900011752c97b\byte-buddy-1.14.19.jar;C:\Users\r2com\.gradle\caches\modules-2\files-2.1\org.glassfish.jaxb\jaxb-runtime\4.0.5\ca84c2a7169b5293e232b9d00d1e4e36d4c3914a\jaxb-runtime-4.0.5.jar;C:\Users\r2com\.gradle\caches\modules-2\files-2.1\com.google.guava\guava\33.0.0-jre\161ba27964a62f241533807a46b8711b13c1d94b\guava-33.0.0-jre.jar;C:\Users\r2com\.gradle\caches\modules-2\files-2.1\com.netflix.netflix-commons\netflix-eventbus\0.3.0\3f864adbe81f0849729fcbba3fe693c32be739ea\netflix-eventbus-0.3.0.jar;C:\Users\r2com\.gradle\caches\modules-2\files-2.1\javax.annotation\javax.annotation-api\1.2\479c1e06db31c432330183f5cae684163f186146\javax.annotation-api-1.2.jar;C:\Users\r2com\.gradle\caches\modules-2\files-2.1\org.codehaus.jettison\jettison\1.5.4\174ca56c411b05aec323d8f53e66709c0d28b337\jettison-1.5.4.jar;C:\Users\r2com\.gradle\caches\modules-2\files-2.1\org.slf4j\jcl-over-slf4j\2.0.16\9d08badad22f1ac07deac9188ade596472a2bfd9\jcl-over-slf4j-2.0.16.jar;C:\Users\r2com\.gradle\caches\modules-2\files-2.1\net.java.dev.jna\jna-platform\5.13.0\88e9a306715e9379f3122415ef4ae759a352640d\jna-platform-5.13.0.jar;C:\Users\r2com\.gradle\caches\modules-2\files-2.1\net.java.dev.jna\jna\5.13.0\1200e7ebeedbe0d10062093f32925a912020e747\jna-5.13.0.jar;C:\Users\r2com\.gradle\caches\modules-2\files-2.1\com.github.ben-manes.caffeine\caffeine\3.1.8\24795585df8afaf70a2cd534786904ea5889c047\caffeine-3.1.8.jar;C:\Users\r2com\.gradle\caches\modules-2\files-2.1\org.checkerframework\checker-qual\3.41.0\8be6df7f1e9bccb19f8f351b3651f0bac2f5e0c\checker-qual-3.41.0.jar;C:\Users\r2com\.gradle\caches\modules-2\files-2.1\org.glassfish.jaxb\jaxb-core\4.0.5\7b4b11ea5542eea4ad55e1080b23be436795b3\jaxb-core-4.0.5.jar;C:\Users\r2com\.gradle\caches\modules-2\files-2.1\com.google.guava\failureaccess\1.0.2\c4a06a64e650562f30b7bf9aaec1bfed43aca12b\failureaccess-1.0.2.jar;C:\Users\r2com\.gradle\caches\modules-2\files-2.1\com.google.guava\listenablefuture\9999.0-empty-to-avoid-conflict-with-guava\b421526c5f297295adef1c886e5246c39d4ac629\listenablefuture-9999.0-empty-to-avoid-conflict-with-guava.jar;C:\Users\r2com\.gradle\caches\modules-2\files-2.1\com.google.errorprone\error_prone_annotations\2.23.0\43a27853b6c7d54893e0b1997c2c778c347179eb\error_prone_annotations-2.23.0.jar;C:\Users\r2com\.gradle\caches\modules-2\files-2.1\com.netflix.netflix-commons\netflix-infix\0.3.0\acc65969f7367ddd2f1265e0cd7330509ed530dc\netflix-infix-0.3.0.jar;C:\Users\r2com\.gradle\caches\modules-2\files-2.1\com.netflix.servo\servo-core\0.5.3\790cdf248baa2bf0b4b42fe83d79c717ed510f2b\servo-core-0.5.3.jar;C:\Users\r2com\.gradle\caches\modules-2\files-2.1\org.apache.commons\commons-math\2.2\4877b85d388275f994a5cfc7eceb73a8045d3006\commons-math-2.2.jar;C:\Users\r2com\.gradle\caches\modules-2\files-2.1\org.eclipse.angus\angus-activation\2.0.2\41f1e0ddd157c856926ed149ab837d110955a9fc\angus-activation-2.0.2.jar;C:\Users\r2com\.gradle\caches\modules-2\files-2.1\org.glassfish.jaxb\txw2\4.0.5\f36a4ef12120a9bb06d766d6a0e54b144fd7ed98\txw2-4.0.5.jar;C:\Users\r2com\.gradle\caches\modules-2\files-2.1\com.sun.istack\istack-commons-runtime\4.1.2\18ec117c85f3ba0ac65409136afa8e42bc74e739\istack-commons-runtime-4.1.2.jar;C:\Users\r2com\.gradle\caches\modules-2\files-2.1\commons-jxpath\commons-jxpath\1.3\c22d7d0f0f40eb7059a23cfa61773a416768b137\commons-jxpath-1.3.jar;C:\Users\r2com\.gradle\caches\modules-2\files-2.1\joda-time\joda-time\2.3\56498efd17752898cfcc3868c1b6211a07b12b8f\joda-time-2.3.jar;C:\Users\r2com\.gradle\caches\modules-2\files-2.1\org.antlr\antlr-runtime\3.4\8f011408269a8e42b8548687e137d8eeb56df4b4\antlr-runtime-3.4.jar;C:\Users\r2com\.gradle\caches\modules-2\files-2.1\com.google.code.gson\gson\2.10.1\b3add478d4382b78ea20b1671390a858002feb6c\gson-2.10.1.jar;C:\Users\r2com\.gradle\caches\modules-2\files-2.1\org.antlr\stringtemplate\3.2.1\59ec8083721eae215c6f3caee944c410d2be34de\stringtemplate-3.2.1.jar;C:\Users\r2com\.gradle\caches\modules-2\files-2.1\antlr\antlr\2.7.7\83cd2cd674a217ade95a4bb83a8a14f351f48bd0\antlr-2.7.7.jar
Launcher Type: SUN_STANDARD

[Global flags]
     intx CICompilerCount                          = 4                                         {product} {ergonomic}
     uint ConcGCThreads                            = 2                                         {product} {ergonomic}
     uint G1ConcRefinementThreads                  = 8                                         {product} {ergonomic}
   size_t G1HeapRegionSize                         = 4194304                                   {product} {ergonomic}
    uintx GCDrainStackTargetSize                   = 64                                        {product} {ergonomic}
   size_t InitialHeapSize                          = 532676608                                 {product} {ergonomic}
   size_t MarkStackSize                            = 4194304                                   {product} {ergonomic}
   size_t MaxHeapSize                              = 8518631424                                {product} {ergonomic}
   size_t MaxNewSize                               = 5108662272                                {product} {ergonomic}
   size_t MinHeapDeltaBytes                        = 4194304                                   {product} {ergonomic}
   size_t MinHeapSize                              = 8388608                                   {product} {ergonomic}
    uintx NonNMethodCodeHeapSize                   = 5839372                                {pd product} {ergonomic}
    uintx NonProfiledCodeHeapSize                  = 122909434                              {pd product} {ergonomic}
    uintx ProfiledCodeHeapSize                     = 122909434                              {pd product} {ergonomic}
    uintx ReservedCodeCacheSize                    = 251658240                              {pd product} {ergonomic}
     bool SegmentedCodeCache                       = true                                      {product} {ergonomic}
   size_t SoftMaxHeapSize                          = 8518631424                             {manageable} {ergonomic}
     bool UseCompressedOops                        = true                           {product lp64_product} {ergonomic}
     bool UseG1GC                                  = true                                      {product} {ergonomic}
     bool UseLargePagesIndividualAllocation        = false                                  {pd product} {ergonomic}

Logging:
Log output configuration:
 #0: stdout all=warning uptime,level,tags foldmultilines=false
 #1: stderr all=off uptime,level,tags foldmultilines=false

Environment Variables:
JAVA_HOME=C:\Java\jdk-21.0.5
PATH=C:\Program Files\Common Files\Oracle\Java\javapath;C:\Windows\system32;C:\Windows;C:\Windows\System32\Wbem;C:\Windows\System32\WindowsPowerShell\v1.0\;C:\Windows\System32\OpenSSH\;C:\Program Files\nodejs\;C:\Program Files\Git\cmd;C:\Program Files\Docker\Docker\resources\bin;C:\gradle\gradle-8.10.2\bin;C:\Users\r2com\AppData\Local\Programs\Python\Python311;C:\Users\r2com\anaconda3;C:\Users\r2com\anaconda3\Library\mingw-w64\bin;C:\Users\r2com\anaconda3\Library\usr\bin;C:\Users\r2com\anaconda3\Library\bin;C:\Users\r2com\anaconda3\Scripts;C:\Users\r2com\AppData\Local\Microsoft\WindowsApps;C:\Users\r2com\AppData\Local\Programs\Microsoft VS Code\bin;C:\Users\r2com\AppData\Roaming\npm;C:\Users\r2com\AppData\Local\GitHubDesktop\bin;C:\ffmpeg-master-latest-win64-gpl\ffmpeg-master-latest-win64-gpl\bin;
USERNAME=r2com
OS=Windows_NT
PROCESSOR_IDENTIFIER=Intel64 Family 6 Model 140 Stepping 1, GenuineIntel
TMP=C:\Users\r2com\AppData\Local\Temp
TEMP=C:\Users\r2com\AppData\Local\Temp




Periodic native trim disabled

---------------  S Y S T E M  ---------------

OS:
 Windows 10 , 64 bit Build 19041 (10.0.19041.5072)
OS uptime: 2 days 17:58 hours
Hyper-V role detected

CPU: total 8 (initial active 8) (4 cores per cpu, 2 threads per core) family 6 model 140 stepping 1 microcode 0x8a, cx8, cmov, fxsr, ht, mmx, 3dnowpref, sse, sse2, sse3, ssse3, sse4.1, sse4.2, popcnt, lzcnt, tsc, tscinvbit, avx, avx2, aes, erms, clmul, bmi1, bmi2, adx, avx512f, avx512dq, avx512cd, avx512bw, avx512vl, sha, fma, vzeroupper, avx512_vpopcntdq, avx512_vpclmulqdq, avx512_vaes, avx512_vnni, clflush, clflushopt, clwb, avx512_vbmi2, avx512_vbmi, hv, rdtscp, rdpid, fsrm, gfni, avx512_bitalg, f16c, cet_ibt, cet_ss, avx512_ifma
Processor Information for all 8 processors :
  Max Mhz: 2419, Current Mhz: 2419, Mhz Limit: 2419

Memory: 4k page, system-wide physical 32491M (8846M free)
TotalPageFile size 62874M (AvailPageFile size 4M)
current process WorkingSet (physical memory assigned to process): 67M, peak: 67M
current process commit charge ("private bytes"): 612M, peak: 612M

vm_info: Java HotSpot(TM) 64-Bit Server VM (21.0.4+8-LTS-274) for windows-amd64 JRE (21.0.4+8-LTS-274), built on 2024-06-05T05:23:33Z by "mach5one" with MS VC++ 17.6 (VS2022)

END.
